Watching for file changes with StatReloader
[04/Jul/2026 03:14:19] "GET /password HTTP/1.1" 200 501
[04/Jul/2026 03:14:27] "GET /password HTTP/1.1" 200 501
[04/Jul/2026 03:14:31] "POST /api/passwords/ HTTP/1.1" 201 186
[04/Jul/2026 03:15:50] "GET / HTTP/1.1" 200 501
[04/Jul/2026 03:15:50] "GET /static/vue/assets/index-BVtkNy6I.css HTTP/1.1" 200 4898
[04/Jul/2026 03:15:50] "GET /static/vue/assets/index-CxrsDG6f.js HTTP/1.1" 200 95743
[04/Jul/2026 03:15:52] "GET /static/vue/assets/PasswordGenerator-BtrsiEDC.css HTTP/1.1" 200 2559
[04/Jul/2026 03:15:52] "GET /static/vue/assets/PasswordGenerator-BnYBzAV5.js HTTP/1.1" 200 4769
[04/Jul/2026 03:15:52] "GET /api/passwords/ HTTP/1.1" 200 541
[04/Jul/2026 03:16:11] "POST /api/passwords/ HTTP/1.1" 201 187
[04/Jul/2026 03:16:15] "GET /static/vue/assets/Notes-BIG-2r0-.css HTTP/1.1" 200 1620
[04/Jul/2026 03:16:15] "GET /static/vue/assets/Notes-aU__Cgpm.js HTTP/1.1" 200 2436
[04/Jul/2026 03:16:15] "GET /api/notes/ HTTP/1.1" 200 1431
C:\Users\lkr\OneDrive\文档\个人实用功能网站\config\settings.py changed, reloading.
Watching for file changes with StatReloader
C:\Users\lkr\OneDrive\文档\个人实用功能网站\core\models.py changed, reloading.
Watching for file changes with StatReloader
C:\Users\lkr\OneDrive\文档\个人实用功能网站\core\views.py changed, reloading.
Watching for file changes with StatReloader
C:\Users\lkr\OneDrive\文档\个人实用功能网站\core\views.py changed, reloading.
Watching for file changes with StatReloader
Exception in thread django-main-thread:
Traceback (most recent call last):
  File "E:\anaconda\Lib\threading.py", line 1075, in _bootstrap_inner
    self.run()
  File "E:\anaconda\Lib\threading.py", line 1012, in run
    self._target(*self._args, **self._kwargs)
  File "C:\Users\lkr\OneDrive\文档\个人实用功能网站\.venv\Lib\site-packages\django\utils\autoreload.py", line 64, in wrapper
    fn(*args, **kwargs)
  File "C:\Users\lkr\OneDrive\文档\个人实用功能网站\.venv\Lib\site-packages\django\core\management\commands\runserver.py", line 134, in inner_run
    self.check(**check_kwargs)
  File "C:\Users\lkr\OneDrive\文档\个人实用功能网站\.venv\Lib\site-packages\django\core\management\base.py", line 496, in check
    all_issues = checks.run_checks(
                 ^^^^^^^^^^^^^^^^^^
  File "C:\Users\lkr\OneDrive\文档\个人实用功能网站\.venv\Lib\site-packages\django\core\checks\registry.py", line 89, in run_checks
    new_errors = check(app_configs=app_configs, databases=databases)
                 ^^^^^^^^^^^^^^^^^^^^^^^^^^^^^^^^^^^^^^^^^^^^^^^^^^^
  File "C:\Users\lkr\OneDrive\文档\个人实用功能网站\.venv\Lib\site-packages\django\core\checks\urls.py", line 44, in check_url_namespaces_unique
    all_namespaces = _load_all_namespaces(resolver)
                     ^^^^^^^^^^^^^^^^^^^^^^^^^^^^^^
  File "C:\Users\lkr\OneDrive\文档\个人实用功能网站\.venv\Lib\site-packages\django\core\checks\urls.py", line 63, in _load_all_namespaces
    url_patterns = getattr(resolver, "url_patterns", [])
                   ^^^^^^^^^^^^^^^^^^^^^^^^^^^^^^^^^^^^^
  File "C:\Users\lkr\OneDrive\文档\个人实用功能网站\.venv\Lib\site-packages\django\utils\functional.py", line 47, in __get__
    res = instance.__dict__[self.name] = self.func(instance)
                                         ^^^^^^^^^^^^^^^^^^^
  File "C:\Users\lkr\OneDrive\文档\个人实用功能网站\.venv\Lib\site-packages\django\urls\resolvers.py", line 729, in url_patterns
    patterns = getattr(self.urlconf_module, "urlpatterns", self.urlconf_module)
                       ^^^^^^^^^^^^^^^^^^^
  File "C:\Users\lkr\OneDrive\文档\个人实用功能网站\.venv\Lib\site-packages\django\utils\functional.py", line 47, in __get__
    res = instance.__dict__[self.name] = self.func(instance)
                                         ^^^^^^^^^^^^^^^^^^^
  File "C:\Users\lkr\OneDrive\文档\个人实用功能网站\.venv\Lib\site-packages\django\urls\resolvers.py", line 722, in urlconf_module
    return import_module(self.urlconf_name)
           ^^^^^^^^^^^^^^^^^^^^^^^^^^^^^^^^
  File "E:\anaconda\Lib\importlib\__init__.py", line 90, in import_module
    return _bootstrap._gcd_import(name[level:], package, level)
           ^^^^^^^^^^^^^^^^^^^^^^^^^^^^^^^^^^^^^^^^^^^^^^^^^^^^
  File "<frozen importlib._bootstrap>", line 1387, in _gcd_import
  File "<frozen importlib._bootstrap>", line 1360, in _find_and_load
  File "<frozen importlib._bootstrap>", line 1331, in _find_and_load_unlocked
  File "<frozen importlib._bootstrap>", line 935, in _load_unlocked
  File "<frozen importlib._bootstrap_external>", line 995, in exec_module
  File "<frozen importlib._bootstrap>", line 488, in _call_with_frames_removed
  File "C:\Users\lkr\OneDrive\文档\个人实用功能网站\config\urls.py", line 9, in <module>
    path('', include('core.urls')),
             ^^^^^^^^^^^^^^^^^^^^
  File "C:\Users\lkr\OneDrive\文档\个人实用功能网站\.venv\Lib\site-packages\django\urls\conf.py", line 39, in include
    urlconf_module = import_module(urlconf_module)
                     ^^^^^^^^^^^^^^^^^^^^^^^^^^^^^
  File "E:\anaconda\Lib\importlib\__init__.py", line 90, in import_module
    return _bootstrap._gcd_import(name[level:], package, level)
           ^^^^^^^^^^^^^^^^^^^^^^^^^^^^^^^^^^^^^^^^^^^^^^^^^^^^
  File "<frozen importlib._bootstrap>", line 1387, in _gcd_import
  File "<frozen importlib._bootstrap>", line 1360, in _find_and_load
  File "<frozen importlib._bootstrap>", line 1331, in _find_and_load_unlocked
  File "<frozen importlib._bootstrap>", line 935, in _load_unlocked
  File "<frozen importlib._bootstrap_external>", line 995, in exec_module
  File "<frozen importlib._bootstrap>", line 488, in _call_with_frames_removed
  File "C:\Users\lkr\OneDrive\文档\个人实用功能网站\core\urls.py", line 6, in <module>
    router.register(r'notes', views.NoteViewSet)
  File "C:\Users\lkr\OneDrive\文档\个人实用功能网站\.venv\Lib\site-packages\rest_framework\routers.py", line 54, in register
    basename = self.get_default_basename(viewset)
               ^^^^^^^^^^^^^^^^^^^^^^^^^^^^^^^^^^
  File "C:\Users\lkr\OneDrive\文档\个人实用功能网站\.venv\Lib\site-packages\rest_framework\routers.py", line 170, in get_default_basename
    assert queryset is not None, '`basename` argument not specified, and could ' \
           ^^^^^^^^^^^^^^^^^^^^
AssertionError: `basename` argument not specified, and could not automatically determine the name from the viewset, as it does not have a `.queryset` attribute.
C:\Users\lkr\OneDrive\文档\个人实用功能网站\core\views.py changed, reloading.
Watching for file changes with StatReloader
C:\Users\lkr\OneDrive\文档\个人实用功能网站\config\settings.py changed, reloading.
Watching for file changes with StatReloader
C:\Users\lkr\OneDrive\文档\个人实用功能网站\config\settings.py changed, reloading.
Watching for file changes with StatReloader
C:\Users\lkr\OneDrive\文档\个人实用功能网站\core\views.py changed, reloading.
Watching for file changes with StatReloader
Exception in thread django-main-thread:
Traceback (most recent call last):
  File "E:\anaconda\Lib\threading.py", line 1075, in _bootstrap_inner
    self.run()
  File "E:\anaconda\Lib\threading.py", line 1012, in run
    self._target(*self._args, **self._kwargs)
  File "C:\Users\lkr\OneDrive\文档\个人实用功能网站\.venv\Lib\site-packages\django\utils\autoreload.py", line 64, in wrapper
    fn(*args, **kwargs)
  File "C:\Users\lkr\OneDrive\文档\个人实用功能网站\.venv\Lib\site-packages\django\core\management\commands\runserver.py", line 134, in inner_run
    self.check(**check_kwargs)
  File "C:\Users\lkr\OneDrive\文档\个人实用功能网站\.venv\Lib\site-packages\django\core\management\base.py", line 496, in check
    all_issues = checks.run_checks(
                 ^^^^^^^^^^^^^^^^^^
  File "C:\Users\lkr\OneDrive\文档\个人实用功能网站\.venv\Lib\site-packages\django\core\checks\registry.py", line 89, in run_checks
    new_errors = check(app_configs=app_configs, databases=databases)
                 ^^^^^^^^^^^^^^^^^^^^^^^^^^^^^^^^^^^^^^^^^^^^^^^^^^^
  File "C:\Users\lkr\OneDrive\文档\个人实用功能网站\.venv\Lib\site-packages\django\core\checks\urls.py", line 44, in check_url_namespaces_unique
    all_namespaces = _load_all_namespaces(resolver)
                     ^^^^^^^^^^^^^^^^^^^^^^^^^^^^^^
  File "C:\Users\lkr\OneDrive\文档\个人实用功能网站\.venv\Lib\site-packages\django\core\checks\urls.py", line 63, in _load_all_namespaces
    url_patterns = getattr(resolver, "url_patterns", [])
                   ^^^^^^^^^^^^^^^^^^^^^^^^^^^^^^^^^^^^^
  File "C:\Users\lkr\OneDrive\文档\个人实用功能网站\.venv\Lib\site-packages\django\utils\functional.py", line 47, in __get__
    res = instance.__dict__[self.name] = self.func(instance)
                                         ^^^^^^^^^^^^^^^^^^^
  File "C:\Users\lkr\OneDrive\文档\个人实用功能网站\.venv\Lib\site-packages\django\urls\resolvers.py", line 729, in url_patterns
    patterns = getattr(self.urlconf_module, "urlpatterns", self.urlconf_module)
                       ^^^^^^^^^^^^^^^^^^^
  File "C:\Users\lkr\OneDrive\文档\个人实用功能网站\.venv\Lib\site-packages\django\utils\functional.py", line 47, in __get__
    res = instance.__dict__[self.name] = self.func(instance)
                                         ^^^^^^^^^^^^^^^^^^^
  File "C:\Users\lkr\OneDrive\文档\个人实用功能网站\.venv\Lib\site-packages\django\urls\resolvers.py", line 722, in urlconf_module
    return import_module(self.urlconf_name)
           ^^^^^^^^^^^^^^^^^^^^^^^^^^^^^^^^
  File "E:\anaconda\Lib\importlib\__init__.py", line 90, in import_module
    return _bootstrap._gcd_import(name[level:], package, level)
           ^^^^^^^^^^^^^^^^^^^^^^^^^^^^^^^^^^^^^^^^^^^^^^^^^^^^
  File "<frozen importlib._bootstrap>", line 1387, in _gcd_import
  File "<frozen importlib._bootstrap>", line 1360, in _find_and_load
  File "<frozen importlib._bootstrap>", line 1331, in _find_and_load_unlocked
  File "<frozen importlib._bootstrap>", line 935, in _load_unlocked
  File "<frozen importlib._bootstrap_external>", line 995, in exec_module
  File "<frozen importlib._bootstrap>", line 488, in _call_with_frames_removed
  File "C:\Users\lkr\OneDrive\文档\个人实用功能网站\config\urls.py", line 5, in <module>
    from core.views import index
  File "C:\Users\lkr\OneDrive\文档\个人实用功能网站\core\views.py", line 197
    return JsonResponse({'error': '密码至少需6\ufffd?}, status=400)
                                  ^
SyntaxError: unterminated string literal (detected at line 197)
C:\Users\lkr\OneDrive\文档\个人实用功能网站\core\views.py changed, reloading.
Watching for file changes with StatReloader
Exception in thread django-main-thread:
Traceback (most recent call last):
  File "E:\anaconda\Lib\threading.py", line 1075, in _bootstrap_inner
    self.run()
  File "E:\anaconda\Lib\threading.py", line 1012, in run
    self._target(*self._args, **self._kwargs)
  File "C:\Users\lkr\OneDrive\文档\个人实用功能网站\.venv\Lib\site-packages\django\utils\autoreload.py", line 64, in wrapper
    fn(*args, **kwargs)
  File "C:\Users\lkr\OneDrive\文档\个人实用功能网站\.venv\Lib\site-packages\django\core\management\commands\runserver.py", line 134, in inner_run
    self.check(**check_kwargs)
  File "C:\Users\lkr\OneDrive\文档\个人实用功能网站\.venv\Lib\site-packages\django\core\management\base.py", line 496, in check
    all_issues = checks.run_checks(
                 ^^^^^^^^^^^^^^^^^^
  File "C:\Users\lkr\OneDrive\文档\个人实用功能网站\.venv\Lib\site-packages\django\core\checks\registry.py", line 89, in run_checks
    new_errors = check(app_configs=app_configs, databases=databases)
                 ^^^^^^^^^^^^^^^^^^^^^^^^^^^^^^^^^^^^^^^^^^^^^^^^^^^
  File "C:\Users\lkr\OneDrive\文档\个人实用功能网站\.venv\Lib\site-packages\django\core\checks\urls.py", line 44, in check_url_namespaces_unique
    all_namespaces = _load_all_namespaces(resolver)
                     ^^^^^^^^^^^^^^^^^^^^^^^^^^^^^^
  File "C:\Users\lkr\OneDrive\文档\个人实用功能网站\.venv\Lib\site-packages\django\core\checks\urls.py", line 63, in _load_all_namespaces
    url_patterns = getattr(resolver, "url_patterns", [])
                   ^^^^^^^^^^^^^^^^^^^^^^^^^^^^^^^^^^^^^
  File "C:\Users\lkr\OneDrive\文档\个人实用功能网站\.venv\Lib\site-packages\django\utils\functional.py", line 47, in __get__
    res = instance.__dict__[self.name] = self.func(instance)
                                         ^^^^^^^^^^^^^^^^^^^
  File "C:\Users\lkr\OneDrive\文档\个人实用功能网站\.venv\Lib\site-packages\django\urls\resolvers.py", line 729, in url_patterns
    patterns = getattr(self.urlconf_module, "urlpatterns", self.urlconf_module)
                       ^^^^^^^^^^^^^^^^^^^
  File "C:\Users\lkr\OneDrive\文档\个人实用功能网站\.venv\Lib\site-packages\django\utils\functional.py", line 47, in __get__
    res = instance.__dict__[self.name] = self.func(instance)
                                         ^^^^^^^^^^^^^^^^^^^
  File "C:\Users\lkr\OneDrive\文档\个人实用功能网站\.venv\Lib\site-packages\django\urls\resolvers.py", line 722, in urlconf_module
    return import_module(self.urlconf_name)
           ^^^^^^^^^^^^^^^^^^^^^^^^^^^^^^^^
  File "E:\anaconda\Lib\importlib\__init__.py", line 90, in import_module
    return _bootstrap._gcd_import(name[level:], package, level)
           ^^^^^^^^^^^^^^^^^^^^^^^^^^^^^^^^^^^^^^^^^^^^^^^^^^^^
  File "<frozen importlib._bootstrap>", line 1387, in _gcd_import
  File "<frozen importlib._bootstrap>", line 1360, in _find_and_load
  File "<frozen importlib._bootstrap>", line 1331, in _find_and_load_unlocked
  File "<frozen importlib._bootstrap>", line 935, in _load_unlocked
  File "<frozen importlib._bootstrap_external>", line 995, in exec_module
  File "<frozen importlib._bootstrap>", line 488, in _call_with_frames_removed
  File "C:\Users\lkr\OneDrive\文档\个人实用功能网站\config\urls.py", line 5, in <module>
    from core.views import index
  File "C:\Users\lkr\OneDrive\文档\个人实用功能网站\core\views.py", line 393
    return JsonResponse({'error': '\xe5\xaf\x86\xe7\xa0\x81è\x87\xb3\xe5°\x91é\x9c\x806\xe4\xbd?}, status=400)
                                  ^
SyntaxError: unterminated string literal (detected at line 393)
C:\Users\lkr\OneDrive\文档\个人实用功能网站\core\views.py changed, reloading.
Watching for file changes with StatReloader
